<?xml version="1.0" encoding="UTF-8" ?>
<testsuite failures="0" time="0.453" errors="0" skipped="0" tests="4" name="tools.xml.XMLReaderAndWriterImplTest">
  <properties>
    <property name="java.runtime.name" value="Java(TM) SE Runtime Environment"/>
    <property name="sun.boot.library.path" value="C:\Program Files\Java\jdk1.7.0_02\jre\bin"/>
    <property name="java.vm.version" value="22.0-b10"/>
    <property name="java.vm.vendor" value="Oracle Corporation"/>
    <property name="java.vendor.url" value="http://java.oracle.com/"/>
    <property name="path.separator" value=";"/>
    <property name="guice.disable.misplaced.annotation.check" value="true"/>
    <property name="java.vm.name" value="Java HotSpot(TM) Client VM"/>
    <property name="file.encoding.pkg" value="sun.io"/>
    <property name="user.script" value=""/>
    <property name="user.country" value="PL"/>
    <property name="sun.java.launcher" value="SUN_STANDARD"/>
    <property name="sun.os.patch.level" value="Service Pack 1"/>
    <property name="java.vm.specification.name" value="Java Virtual Machine Specification"/>
    <property name="user.dir" value="D:\OAP\OptimalAllotmentProblem"/>
    <property name="java.runtime.version" value="1.7.0_02-b13"/>
    <property name="java.awt.graphicsenv" value="sun.awt.Win32GraphicsEnvironment"/>
    <property name="java.endorsed.dirs" value="C:\Program Files\Java\jdk1.7.0_02\jre\lib\endorsed"/>
    <property name="os.arch" value="x86"/>
    <property name="java.io.tmpdir" value="C:\Users\CH\AppData\Local\Temp\"/>
    <property name="line.separator" value="
"/>
    <property name="java.vm.specification.vendor" value="Oracle Corporation"/>
    <property name="user.variant" value=""/>
    <property name="os.name" value="Windows 7"/>
    <property name="classworlds.conf" value="D:\maven\bin\m2.conf"/>
    <property name="sun.jnu.encoding" value="Cp1250"/>
    <property name="java.library.path" value="C:\Program Files\Java\jdk1.7.0_02\bin;C:\Windows\Sun\Java\bin;C:\Windows\system32;C:\Windows;C:\ProgramData\Oracle\Java\javapath;C:\Program Files\JavaFX\javafx-sdk1.0\bin;C:\Program Files\JavaFX\javafx-sdk1.0\emulator\bin;D:\oraclexe\app\oracle\product\11.2.0\server\bin;C:\Windows\system32;C:\Windows;C:\Windows\System32\Wbem;C:\Windows\System32\WindowsPowerShell\v1.0\;D:\Program Files\TortoiseSVN\bin; C:\Program Files\Java\jdk1.7.0_02\bin;C:\Program Files\Microsoft SQL Server\110\Tools\Binn\;C:\Program Files\Microsoft\Web Platform Installer\;C:\Program Files\Microsoft ASP.NET\ASP.NET Web Pages\v1.0\;C:\Program Files\Windows Kits\8.0\Windows Performance Toolkit\;C:\Program Files\Microsoft SQL Server\120\Tools\Binn\;D:\Program Files\Git\cmd;D:\maven\bin;."/>
    <property name="java.specification.name" value="Java Platform API Specification"/>
    <property name="java.class.version" value="51.0"/>
    <property name="sun.management.compiler" value="HotSpot Client Compiler"/>
    <property name="os.version" value="6.1"/>
    <property name="user.home" value="C:\Users\CH"/>
    <property name="user.timezone" value="Europe/Belgrade"/>
    <property name="java.awt.printerjob" value="sun.awt.windows.WPrinterJob"/>
    <property name="java.specification.version" value="1.7"/>
    <property name="file.encoding" value="Cp1250"/>
    <property name="user.name" value="CH"/>
    <property name="java.class.path" value="D:\maven\boot\plexus-classworlds-2.5.2.jar"/>
    <property name="java.vm.specification.version" value="1.7"/>
    <property name="sun.arch.data.model" value="32"/>
    <property name="java.home" value="C:\Program Files\Java\jdk1.7.0_02\jre"/>
    <property name="sun.java.command" value="org.codehaus.plexus.classworlds.launcher.Launcher clean install"/>
    <property name="java.specification.vendor" value="Oracle Corporation"/>
    <property name="user.language" value="pl"/>
    <property name="awt.toolkit" value="sun.awt.windows.WToolkit"/>
    <property name="java.vm.info" value="mixed mode, sharing"/>
    <property name="java.version" value="1.7.0_02"/>
    <property name="java.ext.dirs" value="C:\Program Files\Java\jdk1.7.0_02\jre\lib\ext;C:\Windows\Sun\Java\lib\ext"/>
    <property name="sun.boot.class.path" value="C:\Program Files\Java\jdk1.7.0_02\jre\lib\resources.jar;C:\Program Files\Java\jdk1.7.0_02\jre\lib\rt.jar;C:\Program Files\Java\jdk1.7.0_02\jre\lib\sunrsasign.jar;C:\Program Files\Java\jdk1.7.0_02\jre\lib\jsse.jar;C:\Program Files\Java\jdk1.7.0_02\jre\lib\jce.jar;C:\Program Files\Java\jdk1.7.0_02\jre\lib\charsets.jar;C:\Program Files\Java\jdk1.7.0_02\jre\classes"/>
    <property name="java.vendor" value="Oracle Corporation"/>
    <property name="maven.home" value="D:\maven"/>
    <property name="file.separator" value="\"/>
    <property name="java.vendor.url.bug" value="http://bugreport.sun.com/bugreport/"/>
    <property name="sun.cpu.endian" value="little"/>
    <property name="sun.io.unicode.encoding" value="UnicodeLittle"/>
    <property name="sun.desktop" value="windows"/>
    <property name="sun.cpu.isalist" value=""/>
  </properties>
  <testcase time="0.235" classname="tools.xml.XMLReaderAndWriterImplTest" name="shouldAddOneFerrymanWithOneTarifInPriceList"/>
  <testcase time="0.109" classname="tools.xml.XMLReaderAndWriterImplTest" name="shouldAddOneUser"/>
  <testcase time="0.062" classname="tools.xml.XMLReaderAndWriterImplTest" name="shouldAddOneFerryman"/>
  <testcase time="0.047" classname="tools.xml.XMLReaderAndWriterImplTest" name="shouldAddSequence"/>
</testsuite>